setting 'ivy.default.settings.dir' to 'jar:file:/home/dirk/bin/sbt-launcher.jar!/org/apache/ivy/core/settings'
setting 'ivy.basedir' to '/home/dirk/Projects/abcBot/.'
setting 'ivy.default.conf.dir' to 'jar:file:/home/dirk/bin/sbt-launcher.jar!/org/apache/ivy/core/settings'
impossible to define new type: class not found: org.apache.ivy.plugins.version.PatternVersionMatcher in [] nor Ivy classloader
impossible to define new type: class not found: org.apache.ivy.plugins.trigger.LogTrigger in [] nor Ivy classloader
impossible to define new type: class not found: org.apache.ivy.plugins.resolver.VsftpResolver in [] nor Ivy classloader
impossible to define new type: class not found: org.apache.ivy.plugins.conflict.RegexpConflictManager in [] nor Ivy classloader
impossible to define new type: class not found: org.apache.ivy.plugins.resolver.SshResolver in [] nor Ivy classloader
impossible to define new type: class not found: org.apache.ivy.plugins.resolver.VfsResolver in [] nor Ivy classloader
impossible to define new type: class not found: org.apache.ivy.plugins.resolver.SFTPResolver in [] nor Ivy classloader
impossible to define new type: class not found: org.apache.ivy.plugins.resolver.packager.PackagerResolver in [] nor Ivy classloader
impossible to define new type: class not found: org.apache.ivy.ant.AntCallTrigger in [] nor Ivy classloader
impossible to define new type: class not found: org.apache.ivy.plugins.resolver.IvyRepResolver in [] nor Ivy classloader
impossible to define new type: class not found: org.apache.ivy.ant.AntBuildTrigger in [] nor Ivy classloader
impossible to define glob matcher: org.apache.ivy.plugins.matcher.GlobPatternMatcher was not found.
setting 'java.runtime.name' to 'Java(TM) SE Runtime Environment'
setting 'sun.boot.library.path' to '/usr/lib/jvm/java-6-sun-1.6.0.26/jre/lib/i386'
setting 'java.vm.version' to '20.1-b02'
setting 'java.vm.vendor' to 'Sun Microsystems Inc.'
setting 'java.vendor.url' to 'http://java.sun.com/'
setting 'path.separator' to ':'
setting 'java.vm.name' to 'Java HotSpot(TM) Server VM'
setting 'file.encoding.pkg' to 'sun.io'
setting 'sun.java.launcher' to 'SUN_STANDARD'
setting 'user.country' to 'US'
setting 'sun.os.patch.level' to 'unknown'
setting 'java.vm.specification.name' to 'Java Virtual Machine Specification'
setting 'user.dir' to '/home/dirk/Projects/abcBot'
setting 'java.runtime.version' to '1.6.0_26-b03'
setting 'java.awt.graphicsenv' to 'sun.awt.X11GraphicsEnvironment'
setting 'java.endorsed.dirs' to '/usr/lib/jvm/java-6-sun-1.6.0.26/jre/lib/endorsed'
setting 'os.arch' to 'i386'
setting 'java.io.tmpdir' to '/tmp'
setting 'line.separator' to '
'
setting 'java.vm.specification.vendor' to 'Sun Microsystems Inc.'
setting 'os.name' to 'Linux'
setting 'sun.jnu.encoding' to 'UTF-8'
setting 'java.library.path' to '/usr/lib/jvm/java-6-sun-1.6.0.26/jre/lib/i386/server:/usr/lib/jvm/java-6-sun-1.6.0.26/jre/lib/i386:/usr/lib/jvm/java-6-sun-1.6.0.26/jre/../lib/i386:/usr/java/packages/lib/i386:/lib:/usr/lib'
setting 'java.specification.name' to 'Java Platform API Specification'
setting 'java.class.version' to '50.0'
setting 'sun.management.compiler' to 'HotSpot Tiered Compilers'
setting 'os.version' to '2.6.32-34-generic-pae-tuxonice'
setting 'user.home' to '/home/dirk'
setting 'user.timezone' to 'Europe/Zurich'
setting 'java.awt.printerjob' to 'sun.print.PSPrinterJob'
setting 'file.encoding' to 'UTF-8'
setting 'java.specification.version' to '1.6'
setting 'java.class.path' to '/home/dirk/bin/sbt-launcher.jar'
setting 'user.name' to 'dirk'
setting 'java.vm.specification.version' to '1.0'
setting 'sun.java.command' to '/home/dirk/bin/sbt-launcher.jar'
setting 'java.home' to '/usr/lib/jvm/java-6-sun-1.6.0.26/jre'
setting 'sun.arch.data.model' to '32'
setting 'user.language' to 'en'
setting 'java.specification.vendor' to 'Sun Microsystems Inc.'
setting 'java.vm.info' to 'mixed mode'
setting 'java.version' to '1.6.0_26'
setting 'java.ext.dirs' to '/usr/lib/jvm/java-6-sun-1.6.0.26/jre/lib/ext:/usr/java/packages/lib/ext'
setting 'sun.boot.class.path' to '/usr/lib/jvm/java-6-sun-1.6.0.26/jre/lib/resources.jar:/usr/lib/jvm/java-6-sun-1.6.0.26/jre/lib/rt.jar:/usr/lib/jvm/java-6-sun-1.6.0.26/jre/lib/sunrsasign.jar:/usr/lib/jvm/java-6-sun-1.6.0.26/jre/lib/jsse.jar:/usr/lib/jvm/java-6-sun-1.6.0.26/jre/lib/jce.jar:/usr/lib/jvm/java-6-sun-1.6.0.26/jre/lib/charsets.jar:/usr/lib/jvm/java-6-sun-1.6.0.26/jre/lib/modules/jdk.boot.jar:/usr/lib/jvm/java-6-sun-1.6.0.26/jre/classes'
setting 'java.vendor' to 'Sun Microsystems Inc.'
setting 'file.separator' to '/'
setting 'java.vendor.url.bug' to 'http://java.sun.com/cgi-bin/bugreport.cgi'
setting 'sun.io.unicode.encoding' to 'UnicodeLittle'
setting 'sun.cpu.endian' to 'little'
setting 'sun.desktop' to 'gnome'
setting 'sun.cpu.isalist' to ''
setting 'ivy.default.ivy.user.dir' to '/home/dirk/.ivy2'
setting 'ivy.home' to '/home/dirk/.ivy2'
no default ivy user dir defined: set to /home/dirk/.ivy2
setting 'ivy.cache.dir' to '/home/dirk/.ivy2/cache'
no default cache defined: set to /home/dirk/.ivy2/cache
setting 'ivy.basedir' to '/home/dirk/Projects/abcBot/project/boot'
setting 'basedir' to '/home/dirk/Projects/abcBot/project/boot'
setting 'scala' to '2.7.7'
:: resolving dependencies :: org.scala-tools.sbt#boot-scala;1.0
	confs: [default]
	validate = true
	refresh = false
resolving dependencies for configuration 'default'
== resolving dependencies for org.scala-tools.sbt#boot-scala;1.0 [default]
loadData of org.scala-tools.sbt#boot-scala;1.0 of rootConf=default
== resolving dependencies org.scala-tools.sbt#boot-scala;1.0->org.scala-lang#scala-compiler;2.7.7 [default->default]
loadData of org.scala-lang#scala-compiler;2.7.7 of rootConf=default
	using redefined-public to resolve org.scala-lang#scala-compiler;2.7.7
redefined-public: Checking cache for: dependency: org.scala-lang#scala-compiler;2.7.7 {default=[default]}
redefined-public: no namespace defined: using system
	no ivy file in cache for org.scala-lang#scala-compiler;2.7.7: tried /home/dirk/.ivy2/cache/org.scala-lang/scala-compiler/ivy-2.7.7.xml
redefined-public: no latest strategy defined: using default
local: no namespace defined: using system
	no ivy file in cache for org.scala-lang#scala-compiler;2.7.7: tried /home/dirk/.ivy2/cache/org.scala-lang/scala-compiler/ivy-2.7.7.xml
	 trying /home/dirk/.ivy2/local/org.scala-lang/scala-compiler/2.7.7/ivys/ivy.xml
		tried /home/dirk/.ivy2/local/org.scala-lang/scala-compiler/2.7.7/ivys/ivy.xml
	local: resource not reachable for org.scala-lang#scala-compiler;2.7.7: res=/home/dirk/.ivy2/local/org.scala-lang/scala-compiler/2.7.7/ivys/ivy.xml
	 trying /home/dirk/.ivy2/local/org.scala-lang/scala-compiler/2.7.7/jars/scala-compiler.jar
		tried /home/dirk/.ivy2/local/org.scala-lang/scala-compiler/2.7.7/jars/scala-compiler.jar
	local: resource not reachable for org.scala-lang#scala-compiler;2.7.7: res=/home/dirk/.ivy2/local/org.scala-lang/scala-compiler/2.7.7/jars/scala-compiler.jar
	local: no ivy file nor artifact found for org.scala-lang#scala-compiler;2.7.7
Maven2 Local: no namespace defined: using system
	no ivy file in cache for org.scala-lang#scala-compiler;2.7.7: tried /home/dirk/.ivy2/cache/org.scala-lang/scala-compiler/ivy-2.7.7.xml
	 trying file:///home/dirk/.m2/repository/org/scala-lang/scala-compiler/2.7.7/scala-compiler-2.7.7.pom
		tried file:///home/dirk/.m2/repository/org/scala-lang/scala-compiler/2.7.7/scala-compiler-2.7.7.pom
installing class org.apache.ivy.util.url.IvyAuthenticator
	Maven2 Local: resource not reachable for org/scala-lang#scala-compiler;2.7.7: res=file:/home/dirk/.m2/repository/org/scala-lang/scala-compiler/2.7.7/scala-compiler-2.7.7.pom
	 trying file:///home/dirk/.m2/repository/org/scala-lang/scala-compiler/2.7.7/scala-compiler-2.7.7.jar
		tried file:///home/dirk/.m2/repository/org/scala-lang/scala-compiler/2.7.7/scala-compiler-2.7.7.jar
	Maven2 Local: resource not reachable for org/scala-lang#scala-compiler;2.7.7: res=file:/home/dirk/.m2/repository/org/scala-lang/scala-compiler/2.7.7/scala-compiler-2.7.7.jar
	Maven2 Local: no ivy file nor artifact found for org.scala-lang#scala-compiler;2.7.7
sbt-db: no namespace defined: using system
	no ivy file in cache for org.scala-lang#scala-compiler;2.7.7: tried /home/dirk/.ivy2/cache/org.scala-lang/scala-compiler/ivy-2.7.7.xml
	 trying http://databinder.net/repo/org.scala-lang/scala-compiler/2.7.7/ivys/ivy.xml
		tried http://databinder.net/repo/org.scala-lang/scala-compiler/2.7.7/ivys/ivy.xml
HTTP response status: 404 url=http://databinder.net/repo/org.scala-lang/scala-compiler/2.7.7/ivys/ivy.xml
CLIENT ERROR: Not Found url=http://databinder.net/repo/org.scala-lang/scala-compiler/2.7.7/ivys/ivy.xml
	sbt-db: resource not reachable for org.scala-lang#scala-compiler;2.7.7: res=http://databinder.net/repo/org.scala-lang/scala-compiler/2.7.7/ivys/ivy.xml
	 trying http://databinder.net/repo/org.scala-lang/scala-compiler/2.7.7/jars/scala-compiler.jar
		tried http://databinder.net/repo/org.scala-lang/scala-compiler/2.7.7/jars/scala-compiler.jar
HTTP response status: 404 url=http://databinder.net/repo/org.scala-lang/scala-compiler/2.7.7/jars/scala-compiler.jar
CLIENT ERROR: Not Found url=http://databinder.net/repo/org.scala-lang/scala-compiler/2.7.7/jars/scala-compiler.jar
	sbt-db: resource not reachable for org.scala-lang#scala-compiler;2.7.7: res=http://databinder.net/repo/org.scala-lang/scala-compiler/2.7.7/jars/scala-compiler.jar
	sbt-db: no ivy file nor artifact found for org.scala-lang#scala-compiler;2.7.7
Maven Central: no namespace defined: using system
	no ivy file in cache for org.scala-lang#scala-compiler;2.7.7: tried /home/dirk/.ivy2/cache/org.scala-lang/scala-compiler/ivy-2.7.7.xml
	 trying http://repo1.maven.org/maven2/org/scala-lang/scala-compiler/2.7.7/scala-compiler-2.7.7.pom
		tried http://repo1.maven.org/maven2/org/scala-lang/scala-compiler/2.7.7/scala-compiler-2.7.7.pom
	Maven Central: found md file for org.scala-lang#scala-compiler;2.7.7
		=> http://repo1.maven.org/maven2/org/scala-lang/scala-compiler/2.7.7/scala-compiler-2.7.7.pom (2.7.7)
	parser = pom parser
	no ivy file in cache for org.scala-lang#scala-compiler;2.7.7: tried /home/dirk/.ivy2/cache/org.scala-lang/scala-compiler/ivy-2.7.7.xml
downloading http://repo1.maven.org/maven2/org/scala-lang/scala-compiler/2.7.7/scala-compiler-2.7.7.pom ...
	Maven Central: downloading http://repo1.maven.org/maven2/org/scala-lang/scala-compiler/2.7.7/scala-compiler-2.7.7.pom
		to /home/dirk/.ivy2/cache/org.scala-lang/scala-compiler/ivy-2.7.7.xml.original.part
	[SUCCESSFUL ] org.scala-lang#scala-compiler;2.7.7!scala-compiler.pom(pom.original) (752ms)
	 trying /home/dirk/.ivy2/local/org.scala-lang/scala-compiler/2.7.7/jars/scala-compiler.jar
		tried /home/dirk/.ivy2/local/org.scala-lang/scala-compiler/2.7.7/jars/scala-compiler.jar
	local: resource not reachable for org.scala-lang#scala-compiler;2.7.7: res=/home/dirk/.ivy2/local/org.scala-lang/scala-compiler/2.7.7/jars/scala-compiler.jar
	 trying file:///home/dirk/.m2/repository/org/scala-lang/scala-compiler/2.7.7/scala-compiler-2.7.7.jar
		tried file:///home/dirk/.m2/repository/org/scala-lang/scala-compiler/2.7.7/scala-compiler-2.7.7.jar
	Maven2 Local: resource not reachable for org/scala-lang#scala-compiler;2.7.7: res=file:/home/dirk/.m2/repository/org/scala-lang/scala-compiler/2.7.7/scala-compiler-2.7.7.jar
	 trying http://databinder.net/repo/org.scala-lang/scala-compiler/2.7.7/jars/scala-compiler.jar
		tried http://databinder.net/repo/org.scala-lang/scala-compiler/2.7.7/jars/scala-compiler.jar
	sbt-db: resource not reachable for org.scala-lang#scala-compiler;2.7.7: res=http://databinder.net/repo/org.scala-lang/scala-compiler/2.7.7/jars/scala-compiler.jar
	 trying http://repo1.maven.org/maven2/org/scala-lang/scala-compiler/2.7.7/scala-compiler-2.7.7.jar
		tried http://repo1.maven.org/maven2/org/scala-lang/scala-compiler/2.7.7/scala-compiler-2.7.7.jar
	 trying /home/dirk/.ivy2/local/org.scala-lang/scala-compiler/2.7.7/sources/scala-compiler-sources.jar
		tried /home/dirk/.ivy2/local/org.scala-lang/scala-compiler/2.7.7/sources/scala-compiler-sources.jar
	local: resource not reachable for org.scala-lang#scala-compiler;2.7.7: res=/home/dirk/.ivy2/local/org.scala-lang/scala-compiler/2.7.7/sources/scala-compiler-sources.jar
	 trying file:///home/dirk/.m2/repository/org/scala-lang/scala-compiler/2.7.7/scala-compiler-2.7.7-sources.jar
		tried file:///home/dirk/.m2/repository/org/scala-lang/scala-compiler/2.7.7/scala-compiler-2.7.7-sources.jar
	Maven2 Local: resource not reachable for org/scala-lang#scala-compiler;2.7.7: res=file:/home/dirk/.m2/repository/org/scala-lang/scala-compiler/2.7.7/scala-compiler-2.7.7-sources.jar
	 trying http://databinder.net/repo/org.scala-lang/scala-compiler/2.7.7/sources/scala-compiler-sources.jar
		tried http://databinder.net/repo/org.scala-lang/scala-compiler/2.7.7/sources/scala-compiler-sources.jar
HTTP response status: 404 url=http://databinder.net/repo/org.scala-lang/scala-compiler/2.7.7/sources/scala-compiler-sources.jar
CLIENT ERROR: Not Found url=http://databinder.net/repo/org.scala-lang/scala-compiler/2.7.7/sources/scala-compiler-sources.jar
	sbt-db: resource not reachable for org.scala-lang#scala-compiler;2.7.7: res=http://databinder.net/repo/org.scala-lang/scala-compiler/2.7.7/sources/scala-compiler-sources.jar
	 trying http://repo1.maven.org/maven2/org/scala-lang/scala-compiler/2.7.7/scala-compiler-2.7.7-sources.jar
		tried http://repo1.maven.org/maven2/org/scala-lang/scala-compiler/2.7.7/scala-compiler-2.7.7-sources.jar
source artifact found for org.scala-lang#scala-compiler;2.7.7
	 trying /home/dirk/.ivy2/local/org.scala-lang/scala-compiler/2.7.7/javadocs/scala-compiler-javadoc.jar
		tried /home/dirk/.ivy2/local/org.scala-lang/scala-compiler/2.7.7/javadocs/scala-compiler-javadoc.jar
	local: resource not reachable for org.scala-lang#scala-compiler;2.7.7: res=/home/dirk/.ivy2/local/org.scala-lang/scala-compiler/2.7.7/javadocs/scala-compiler-javadoc.jar
	 trying file:///home/dirk/.m2/repository/org/scala-lang/scala-compiler/2.7.7/scala-compiler-2.7.7-javadoc.jar
		tried file:///home/dirk/.m2/repository/org/scala-lang/scala-compiler/2.7.7/scala-compiler-2.7.7-javadoc.jar
	Maven2 Local: resource not reachable for org/scala-lang#scala-compiler;2.7.7: res=file:/home/dirk/.m2/repository/org/scala-lang/scala-compiler/2.7.7/scala-compiler-2.7.7-javadoc.jar
	 trying http://databinder.net/repo/org.scala-lang/scala-compiler/2.7.7/javadocs/scala-compiler-javadoc.jar
		tried http://databinder.net/repo/org.scala-lang/scala-compiler/2.7.7/javadocs/scala-compiler-javadoc.jar
HTTP response status: 404 url=http://databinder.net/repo/org.scala-lang/scala-compiler/2.7.7/javadocs/scala-compiler-javadoc.jar
CLIENT ERROR: Not Found url=http://databinder.net/repo/org.scala-lang/scala-compiler/2.7.7/javadocs/scala-compiler-javadoc.jar
	sbt-db: resource not reachable for org.scala-lang#scala-compiler;2.7.7: res=http://databinder.net/repo/org.scala-lang/scala-compiler/2.7.7/javadocs/scala-compiler-javadoc.jar
	 trying http://repo1.maven.org/maven2/org/scala-lang/scala-compiler/2.7.7/scala-compiler-2.7.7-javadoc.jar
		tried http://repo1.maven.org/maven2/org/scala-lang/scala-compiler/2.7.7/scala-compiler-2.7.7-javadoc.jar
HTTP response status: 404 url=http://repo1.maven.org/maven2/org/scala-lang/scala-compiler/2.7.7/scala-compiler-2.7.7-javadoc.jar
CLIENT ERROR: Not Found url=http://repo1.maven.org/maven2/org/scala-lang/scala-compiler/2.7.7/scala-compiler-2.7.7-javadoc.jar
	Maven Central: resource not reachable for org/scala-lang#scala-compiler;2.7.7: res=http://repo1.maven.org/maven2/org/scala-lang/scala-compiler/2.7.7/scala-compiler-2.7.7-javadoc.jar
	 trying http://scala-tools.org/repo-releases/org/scala-lang/scala-compiler/2.7.7/scala-compiler-2.7.7-javadoc.jar
		tried http://scala-tools.org/repo-releases/org/scala-lang/scala-compiler/2.7.7/scala-compiler-2.7.7-javadoc.jar
HTTP response status: 404 url=http://scala-tools.org/repo-releases/org/scala-lang/scala-compiler/2.7.7/scala-compiler-2.7.7-javadoc.jar
CLIENT ERROR: Not Found url=http://scala-tools.org/repo-releases/org/scala-lang/scala-compiler/2.7.7/scala-compiler-2.7.7-javadoc.jar
	Scala-Tools Maven2 Repository: resource not reachable for org/scala-lang#scala-compiler;2.7.7: res=http://scala-tools.org/repo-releases/org/scala-lang/scala-compiler/2.7.7/scala-compiler-2.7.7-javadoc.jar
	 trying http://scala-tools.org/repo-snapshots/org/scala-lang/scala-compiler/2.7.7/scala-compiler-2.7.7-javadoc.jar
		tried http://scala-tools.org/repo-snapshots/org/scala-lang/scala-compiler/2.7.7/scala-compiler-2.7.7-javadoc.jar
HTTP response status: 404 url=http://scala-tools.org/repo-snapshots/org/scala-lang/scala-compiler/2.7.7/scala-compiler-2.7.7-javadoc.jar
CLIENT ERROR: Not Found url=http://scala-tools.org/repo-snapshots/org/scala-lang/scala-compiler/2.7.7/scala-compiler-2.7.7-javadoc.jar
	Scala-Tools Maven2 Snapshots Repository: resource not reachable for org/scala-lang#scala-compiler;2.7.7: res=http://scala-tools.org/repo-snapshots/org/scala-lang/scala-compiler/2.7.7/scala-compiler-2.7.7-javadoc.jar
no javadoc artifact found for org.scala-lang#scala-compiler;2.7.7
	default-cache: parsed downloaded md file for org.scala-lang#scala-compiler;2.7.7; parsed=org.scala-lang#scala-compiler;2.7.7
	checking org.scala-lang#scala-compiler;2.7.7 from Maven Central against [none]
	module revision kept as first found: org.scala-lang#scala-compiler;2.7.7 from Maven Central
	found org.scala-lang#scala-compiler;2.7.7 in Maven Central
== resolving dependencies org.scala-tools.sbt#boot-scala;1.0->org.scala-lang#scala-compiler;2.7.7 [default->runtime]
loadData of org.scala-lang#scala-compiler;2.7.7 of rootConf=default
== resolving dependencies org.scala-tools.sbt#boot-scala;1.0->org.scala-lang#scala-compiler;2.7.7 [default->compile]
loadData of org.scala-lang#scala-compiler;2.7.7 of rootConf=default
== resolving dependencies org.scala-lang#scala-compiler;2.7.7->org.scala-lang#scala-library;2.7.7 [compile->master(*)]
loadData of org.scala-lang#scala-library;2.7.7 of rootConf=default
	using redefined-public to resolve org.scala-lang#scala-library;2.7.7
redefined-public: Checking cache for: dependency: org.scala-lang#scala-library;2.7.7 {compile=[compile(*), master(*)], runtime=[runtime(*)]}
	no ivy file in cache for org.scala-lang#scala-library;2.7.7: tried /home/dirk/.ivy2/cache/org.scala-lang/scala-library/ivy-2.7.7.xml
	no ivy file in cache for org.scala-lang#scala-library;2.7.7: tried /home/dirk/.ivy2/cache/org.scala-lang/scala-library/ivy-2.7.7.xml
	 trying /home/dirk/.ivy2/local/org.scala-lang/scala-library/2.7.7/ivys/ivy.xml
		tried /home/dirk/.ivy2/local/org.scala-lang/scala-library/2.7.7/ivys/ivy.xml
	local: resource not reachable for org.scala-lang#scala-library;2.7.7: res=/home/dirk/.ivy2/local/org.scala-lang/scala-library/2.7.7/ivys/ivy.xml
	 trying /home/dirk/.ivy2/local/org.scala-lang/scala-library/2.7.7/jars/scala-library.jar
		tried /home/dirk/.ivy2/local/org.scala-lang/scala-library/2.7.7/jars/scala-library.jar
	local: resource not reachable for org.scala-lang#scala-library;2.7.7: res=/home/dirk/.ivy2/local/org.scala-lang/scala-library/2.7.7/jars/scala-library.jar
	local: no ivy file nor artifact found for org.scala-lang#scala-library;2.7.7
	no ivy file in cache for org.scala-lang#scala-library;2.7.7: tried /home/dirk/.ivy2/cache/org.scala-lang/scala-library/ivy-2.7.7.xml
	 trying file:///home/dirk/.m2/repository/org/scala-lang/scala-library/2.7.7/scala-library-2.7.7.pom
		tried file:///home/dirk/.m2/repository/org/scala-lang/scala-library/2.7.7/scala-library-2.7.7.pom
	Maven2 Local: resource not reachable for org/scala-lang#scala-library;2.7.7: res=file:/home/dirk/.m2/repository/org/scala-lang/scala-library/2.7.7/scala-library-2.7.7.pom
	 trying file:///home/dirk/.m2/repository/org/scala-lang/scala-library/2.7.7/scala-library-2.7.7.jar
		tried file:///home/dirk/.m2/repository/org/scala-lang/scala-library/2.7.7/scala-library-2.7.7.jar
	Maven2 Local: resource not reachable for org/scala-lang#scala-library;2.7.7: res=file:/home/dirk/.m2/repository/org/scala-lang/scala-library/2.7.7/scala-library-2.7.7.jar
	Maven2 Local: no ivy file nor artifact found for org.scala-lang#scala-library;2.7.7
	no ivy file in cache for org.scala-lang#scala-library;2.7.7: tried /home/dirk/.ivy2/cache/org.scala-lang/scala-library/ivy-2.7.7.xml
	 trying http://databinder.net/repo/org.scala-lang/scala-library/2.7.7/ivys/ivy.xml
		tried http://databinder.net/repo/org.scala-lang/scala-library/2.7.7/ivys/ivy.xml
HTTP response status: 404 url=http://databinder.net/repo/org.scala-lang/scala-library/2.7.7/ivys/ivy.xml
CLIENT ERROR: Not Found url=http://databinder.net/repo/org.scala-lang/scala-library/2.7.7/ivys/ivy.xml
	sbt-db: resource not reachable for org.scala-lang#scala-library;2.7.7: res=http://databinder.net/repo/org.scala-lang/scala-library/2.7.7/ivys/ivy.xml
	 trying http://databinder.net/repo/org.scala-lang/scala-library/2.7.7/jars/scala-library.jar
		tried http://databinder.net/repo/org.scala-lang/scala-library/2.7.7/jars/scala-library.jar
HTTP response status: 404 url=http://databinder.net/repo/org.scala-lang/scala-library/2.7.7/jars/scala-library.jar
CLIENT ERROR: Not Found url=http://databinder.net/repo/org.scala-lang/scala-library/2.7.7/jars/scala-library.jar
	sbt-db: resource not reachable for org.scala-lang#scala-library;2.7.7: res=http://databinder.net/repo/org.scala-lang/scala-library/2.7.7/jars/scala-library.jar
	sbt-db: no ivy file nor artifact found for org.scala-lang#scala-library;2.7.7
	no ivy file in cache for org.scala-lang#scala-library;2.7.7: tried /home/dirk/.ivy2/cache/org.scala-lang/scala-library/ivy-2.7.7.xml
	 trying http://repo1.maven.org/maven2/org/scala-lang/scala-library/2.7.7/scala-library-2.7.7.pom
		tried http://repo1.maven.org/maven2/org/scala-lang/scala-library/2.7.7/scala-library-2.7.7.pom
	Maven Central: found md file for org.scala-lang#scala-library;2.7.7
		=> http://repo1.maven.org/maven2/org/scala-lang/scala-library/2.7.7/scala-library-2.7.7.pom (2.7.7)
	parser = pom parser
	no ivy file in cache for org.scala-lang#scala-library;2.7.7: tried /home/dirk/.ivy2/cache/org.scala-lang/scala-library/ivy-2.7.7.xml
downloading http://repo1.maven.org/maven2/org/scala-lang/scala-library/2.7.7/scala-library-2.7.7.pom ...
	Maven Central: downloading http://repo1.maven.org/maven2/org/scala-lang/scala-library/2.7.7/scala-library-2.7.7.pom
		to /home/dirk/.ivy2/cache/org.scala-lang/scala-library/ivy-2.7.7.xml.original.part
	[SUCCESSFUL ] org.scala-lang#scala-library;2.7.7!scala-library.pom(pom.original) (2598ms)
	 trying /home/dirk/.ivy2/local/org.scala-lang/scala-library/2.7.7/jars/scala-library.jar
		tried /home/dirk/.ivy2/local/org.scala-lang/scala-library/2.7.7/jars/scala-library.jar
	local: resource not reachable for org.scala-lang#scala-library;2.7.7: res=/home/dirk/.ivy2/local/org.scala-lang/scala-library/2.7.7/jars/scala-library.jar
	 trying file:///home/dirk/.m2/repository/org/scala-lang/scala-library/2.7.7/scala-library-2.7.7.jar
		tried file:///home/dirk/.m2/repository/org/scala-lang/scala-library/2.7.7/scala-library-2.7.7.jar
	Maven2 Local: resource not reachable for org/scala-lang#scala-library;2.7.7: res=file:/home/dirk/.m2/repository/org/scala-lang/scala-library/2.7.7/scala-library-2.7.7.jar
	 trying http://databinder.net/repo/org.scala-lang/scala-library/2.7.7/jars/scala-library.jar
		tried http://databinder.net/repo/org.scala-lang/scala-library/2.7.7/jars/scala-library.jar
	sbt-db: resource not reachable for org.scala-lang#scala-library;2.7.7: res=http://databinder.net/repo/org.scala-lang/scala-library/2.7.7/jars/scala-library.jar
	 trying http://repo1.maven.org/maven2/org/scala-lang/scala-library/2.7.7/scala-library-2.7.7.jar
		tried http://repo1.maven.org/maven2/org/scala-lang/scala-library/2.7.7/scala-library-2.7.7.jar
	 trying /home/dirk/.ivy2/local/org.scala-lang/scala-library/2.7.7/sources/scala-library-sources.jar
		tried /home/dirk/.ivy2/local/org.scala-lang/scala-library/2.7.7/sources/scala-library-sources.jar
	local: resource not reachable for org.scala-lang#scala-library;2.7.7: res=/home/dirk/.ivy2/local/org.scala-lang/scala-library/2.7.7/sources/scala-library-sources.jar
	 trying file:///home/dirk/.m2/repository/org/scala-lang/scala-library/2.7.7/scala-library-2.7.7-sources.jar
		tried file:///home/dirk/.m2/repository/org/scala-lang/scala-library/2.7.7/scala-library-2.7.7-sources.jar
	Maven2 Local: resource not reachable for org/scala-lang#scala-library;2.7.7: res=file:/hom